0 info it worked if it ends with ok
1 verbose cli [ 'D:\\Program Files\\nodejs\\node.exe',
1 verbose cli   'D:\\Program Files\\nodejs\\node_modules\\npm\\bin\\npm-cli.js',
1 verbose cli   'start' ]
2 info using npm@4.0.5
3 info using node@v7.4.0
4 verbose run-script [ 'prestart', 'start', 'poststart' ]
5 info lifecycle my-portfolio@1.0.0~prestart: my-portfolio@1.0.0
6 silly lifecycle my-portfolio@1.0.0~prestart: no script for prestart, continuing
7 info lifecycle my-portfolio@1.0.0~start: my-portfolio@1.0.0
8 verbose lifecycle my-portfolio@1.0.0~start: unsafe-perm in lifecycle true
9 verbose lifecycle my-portfolio@1.0.0~start: PATH: D:\Program Files\nodejs\node_modules\npm\bin\node-gyp-bin;D:\Users\Brian\Documents\Development Work\Web Dev\My-Portfolio\node_modules\.bin;C:\ProgramData\Oracle\Java\javapath;C:\WINDOWS\system32;C:\WINDOWS;C:\WINDOWS\System32\Wbem;C:\WINDOWS\System32\WindowsPowerShell\v1.0\;C:\Program Files (x86)\ATI Technologies\ATI.ACE\Core-Static;C:\Program Files (x86)\Skype\Phone\;C:\Users\Brian\.dnx\bin;C:\Program Files\Microsoft DNX\Dnvm\;C:\Program Files (x86)\PuTTY\;C:\Program Files (x86)\Windows Live\Shared;C:\Program Files (x86)\Windows Kits\10\Windows Performance Toolkit\;D:\Program Files\CMake\bin;C:\Program Files (x86)\NVIDIA Corporation\PhysX\Common;C:\WINDOWS\system32;C:\WINDOWS;C:\WINDOWS\System32\Wbem;C:\WINDOWS\System32\WindowsPowerShell\v1.0\;D:\Program Files\nodejs\;C:\Users\Brian\AppData\Roaming\local\bin;C:\Users\Brian\AppData\Local\Programs\Python\Python35-32\Scripts\;C:\Users\Brian\AppData\Local\Programs\Python\Python35-32\;C:\Users\Brian\AppData\Local\atom\bin;C:\Users\Brian\AppData\Local\Microsoft\WindowsApps;C:\Users\Brian\AppData\Roaming\npm;D:\AndroidSDK\tools
10 verbose lifecycle my-portfolio@1.0.0~start: CWD: D:\Users\Brian\Documents\Development Work\Web Dev\My-Portfolio
11 silly lifecycle my-portfolio@1.0.0~start: Args: [ '/d /s /c', 'react-scripts start' ]
12 silly lifecycle my-portfolio@1.0.0~start: Returned: code: 3221225786  signal: null
13 info lifecycle my-portfolio@1.0.0~start: Failed to exec start script
14 verbose stack Error: my-portfolio@1.0.0 start: `react-scripts start`
14 verbose stack Exit status 3221225786
14 verbose stack     at EventEmitter.<anonymous> (D:\Program Files\nodejs\node_modules\npm\lib\utils\lifecycle.js:279:16)
14 verbose stack     at emitTwo (events.js:106:13)
14 verbose stack     at EventEmitter.emit (events.js:191:7)
14 verbose stack     at ChildProcess.<anonymous> (D:\Program Files\nodejs\node_modules\npm\lib\utils\spawn.js:40:14)
14 verbose stack     at emitTwo (events.js:106:13)
14 verbose stack     at ChildProcess.emit (events.js:191:7)
14 verbose stack     at maybeClose (internal/child_process.js:885:16)
14 verbose stack     at Process.ChildProcess._handle.onexit (internal/child_process.js:226:5)
15 verbose pkgid my-portfolio@1.0.0
16 verbose cwd D:\Users\Brian\Documents\Development Work\Web Dev\My-Portfolio\src
17 error Windows_NT 10.0.14393
18 error argv "D:\\Program Files\\nodejs\\node.exe" "D:\\Program Files\\nodejs\\node_modules\\npm\\bin\\npm-cli.js" "start"
19 error node v7.4.0
20 error npm  v4.0.5
21 error code ELIFECYCLE
22 error my-portfolio@1.0.0 start: `react-scripts start`
22 error Exit status 3221225786
23 error Failed at the my-portfolio@1.0.0 start script 'react-scripts start'.
23 error Make sure you have the latest version of node.js and npm installed.
23 error If you do, this is most likely a problem with the my-portfolio package,
23 error not with npm itself.
23 error Tell the author that this fails on your system:
23 error     react-scripts start
23 error You can get information on how to open an issue for this project with:
23 error     npm bugs my-portfolio
23 error Or if that isn't available, you can get their info via:
23 error     npm owner ls my-portfolio
23 error There is likely additional logging output above.
24 verbose exit [ 1, true ]
